
> vohadaish@1.0.0 lint /home/damir/Desktop/Vohada_Ish/VohadaIsh
> eslint . --ext .ts,.tsx


/home/damir/Desktop/Vohada_Ish/VohadaIsh/src/__tests__/mocks/mockProviders.test.tsx
  9:1  error  There should be at least one empty line between import groups  import/order

/home/damir/Desktop/Vohada_Ish/VohadaIsh/src/__tests__/utils/testUtils.test.tsx
  8:3  error  'renderWithProviders' is defined but never used  @typescript-eslint/no-unused-vars
  9:3  error  'renderWithTheme' is defined but never used      @typescript-eslint/no-unused-vars

/home/damir/Desktop/Vohada_Ish/VohadaIsh/src/components/AnimatedComponents.tsx
   35:33  error  Unexpected any. Specify a different type  @typescript-eslint/no-explicit-any
   76:34  error  Unexpected any. Specify a different type  @typescript-eslint/no-explicit-any
   87:31  error  Unexpected any. Specify a different type  @typescript-eslint/no-explicit-any
  115:11  error  Unexpected any. Specify a different type  @typescript-eslint/no-explicit-any
  168:11  error  Unexpected any. Specify a different type  @typescript-eslint/no-explicit-any
  220:11  error  Unexpected any. Specify a different type  @typescript-eslint/no-explicit-any
  271:11  error  Unexpected any. Specify a different type  @typescript-eslint/no-explicit-any

/home/damir/Desktop/Vohada_Ish/VohadaIsh/src/components/JobCard.tsx
   8:1  error  `@expo/vector-icons` import should occur before import of `@react-navigation/native`  import/order
  14:1  error  `../utils/formatters` import should occur before import of `../utils/responsive`      import/order

/home/damir/Desktop/Vohada_Ish/VohadaIsh/src/components/LongPressMenu.tsx
   16:1   error  `../utils/haptics` import should occur before import of `../utils/responsive`  import/order
  185:42  error  Unexpected any. Specify a different type                                       @typescript-eslint/no-explicit-any

/home/damir/Desktop/Vohada_Ish/VohadaIsh/src/components/LottieEmptyState.tsx
  8:1  error  `./LottieIcon` import should occur after import of `../utils/responsive`          import/order
  9:1  error  There should be at least one empty line between import groups                     import/order
  9:1  error  `./AnimatedComponents` import should occur after import of `../utils/responsive`  import/order

/home/damir/Desktop/Vohada_Ish/VohadaIsh/src/components/LottieLoadingScreen.tsx
  6:38  error  'View' is defined but never used                                          @typescript-eslint/no-unused-vars
  8:1   error  There should be at least one empty line between import groups             import/order
  8:1   error  `./LottieIcon` import should occur after import of `../utils/responsive`  import/order

/home/damir/Desktop/Vohada_Ish/VohadaIsh/src/components/PromoBanner.tsx
  67:47  error  Unexpected any. Specify a different type  @typescript-eslint/no-explicit-any

/home/damir/Desktop/Vohada_Ish/VohadaIsh/src/components/PullToRefresh.tsx
  16:1  error    `../utils/haptics` import should occur before import of `../utils/responsive`                                                                         import/order
  50:6  warning  React Hook useEffect has missing dependencies: 'endRefreshAnimation' and 'startRefreshAnimation'. Either include them or remove the dependency array  react-hooks/exhaustive-deps

/home/damir/Desktop/Vohada_Ish/VohadaIsh/src/components/QuickFilters.tsx
  58:23  error    Unexpected any. Specify a different type                     @typescript-eslint/no-explicit-any
  80:26  warning  Array type using 'Array<T>' is forbidden. Use 'T[]' instead  @typescript-eslint/array-type

/home/damir/Desktop/Vohada_Ish/VohadaIsh/src/components/SkeletonLoader.tsx
  15:11  error  Unexpected any. Specify a different type  @typescript-eslint/no-explicit-any

/home/damir/Desktop/Vohada_Ish/VohadaIsh/src/components/SplashScreen.tsx
  17:1  error  `../constants/colors` import should occur before import of `../context/ThemeContext`  import/order

/home/damir/Desktop/Vohada_Ish/VohadaIsh/src/components/StatisticsCards.tsx
  96:25  error  Unexpected any. Specify a different type  @typescript-eslint/no-explicit-any

/home/damir/Desktop/Vohada_Ish/VohadaIsh/src/components/SwipeableJobCard.tsx
  14:1  error  There should be at least one empty line between import groups                       import/order
  14:1  error  `./AnimatedComponents` import should occur after import of `../utils/soundEffects`  import/order
  17:1  error  `../utils/responsive` import should occur after import of `../utils/haptics`        import/order

/home/damir/Desktop/Vohada_Ish/VohadaIsh/src/components/TabBarButton.tsx
  28:29  error  Unexpected any. Specify a different type  @typescript-eslint/no-explicit-any

/home/damir/Desktop/Vohada_Ish/VohadaIsh/src/components/ThemeSelector.tsx
   9:1   error  There should be at least one empty line between import groups                     import/order
   9:1   error  `./AnimatedComponents` import should occur after import of `../utils/responsive`  import/order
  28:21  error  `'` can be escaped with `&apos;`, `&lsquo;`, `&#39;`, `&rsquo;`                   react/no-unescaped-entities
  28:33  error  `'` can be escaped with `&apos;`, `&lsquo;`, `&#39;`, `&rsquo;`                   react/no-unescaped-entities
  47:36  error  Unexpected any. Specify a different type                                          @typescript-eslint/no-explicit-any

/home/damir/Desktop/Vohada_Ish/VohadaIsh/src/components/TransitionSettings.tsx
    9:1   error  There should be at least one empty line between import groups                                 import/order
    9:1   error  `./AnimatedComponents` import should occur after import of `../utils/responsive`              import/order
   10:1   error  `../context/TransitionContext` import should occur after import of `../context/ThemeContext`  import/order
  107:30  error  `'` can be escaped with `&apos;`, `&lsquo;`, `&#39;`, `&rsquo;`                               react/no-unescaped-entities
  161:40  error  Unexpected any. Specify a different type                                                      @typescript-eslint/no-explicit-any

/home/damir/Desktop/Vohada_Ish/VohadaIsh/src/components/__tests__/Button.test.tsx
    9:1   error  There should be at least one empty line between import groups                 import/order
    9:1   error  `@testing-library/react-native` import should occur before import of `react`  import/order
  132:28  error  'UNSAFE_getByType' is assigned a value but never used                         @typescript-eslint/no-unused-vars
  141:15  error  'getByTestId' is assigned a value but never used                              @typescript-eslint/no-unused-vars

/home/damir/Desktop/Vohada_Ish/VohadaIsh/src/components/__tests__/ChatMessage.test.tsx
   6:1   error  `@testing-library/react-native` import should occur before import of `react`  import/order
   8:10  error  'AuthProvider' is defined but never used                                      @typescript-eslint/no-unused-vars
  10:1   error  There should be no empty line within import group                             import/order

/home/damir/Desktop/Vohada_Ish/VohadaIsh/src/components/__tests__/ConversationItem.test.tsx
   6:1   error  `@testing-library/react-native` import should occur before import of `react`  import/order
   8:10  error  'AuthProvider' is defined but never used                                      @typescript-eslint/no-unused-vars
  10:1   error  There should be no empty line within import group                             import/order

/home/damir/Desktop/Vohada_Ish/VohadaIsh/src/components/__tests__/MessageInput.test.tsx
  6:1  error  `@testing-library/react-native` import should occur before import of `react`  import/order
  8:1  error  There should be no empty line within import group                             import/order

/home/damir/Desktop/Vohada_Ish/VohadaIsh/src/context/LanguageContext.tsx
  67:16  error  Unexpected any. Specify a different type  @typescript-eslint/no-explicit-any

/home/damir/Desktop/Vohada_Ish/VohadaIsh/src/context/MessageContext.tsx
  201:5  warning  React Hook useCallback has a missing dependency: 'markAsRead'. Either include it or remove the dependency array  react-hooks/exhaustive-deps

/home/damir/Desktop/Vohada_Ish/VohadaIsh/src/context/ThemeContext.tsx
  7:1  error  `@react-native-async-storage/async-storage` import should occur before import of `react`  import/order

/home/damir/Desktop/Vohada_Ish/VohadaIsh/src/context/TransitionContext.tsx
   6:1   error  `@react-native-async-storage/async-storage` import should occur before import of `react`  import/order
  15:30  error  Unexpected any. Specify a different type                                                  @typescript-eslint/no-explicit-any
  81:46  error  Unexpected any. Specify a different type                                                  @typescript-eslint/no-explicit-any

/home/damir/Desktop/Vohada_Ish/VohadaIsh/src/context/__tests__/AuthContext.test.tsx
    8:1   error  `react` import should occur after import of `firebase/auth`                            import/order
   12:1   error  `../AuthContext` import should occur after import of `../../services/mockAuthService`  import/order
  239:25  error  Unexpected any. Specify a different type                                               @typescript-eslint/no-explicit-any
  273:25  error  Unexpected any. Specify a different type                                               @typescript-eslint/no-explicit-any
  300:25  error  Unexpected any. Specify a different type                                               @typescript-eslint/no-explicit-any
  403:25  error  Unexpected any. Specify a different type                                               @typescript-eslint/no-explicit-any

/home/damir/Desktop/Vohada_Ish/VohadaIsh/src/context/__tests__/JobContext.test.tsx
    8:1   error    `react` import should occur after import of `@testing-library/react-native`  import/order
   11:1   error    `../JobContext` import should occur after import of `../AuthContext`         import/order
   25:21  error    Require statement not part of import statement                               @typescript-eslint/no-var-requires
   25:21  warning  A `require()` style import is forbidden                                      @typescript-eslint/no-require-imports
  213:11  error    'loadingState' is assigned a value but never used                            @typescript-eslint/no-unused-vars

/home/damir/Desktop/Vohada_Ish/VohadaIsh/src/context/__tests__/TransitionContext.test.tsx
   9:1  error  `@testing-library/react-native` import should occur before import of `react`              import/order
  10:1  error  `@react-native-async-storage/async-storage` import should occur before import of `react`  import/order

/home/damir/Desktop/Vohada_Ish/VohadaIsh/src/navigation/AppNavigator.tsx
  15:1  error  There should be at least one empty line between import groups                    import/order
  16:1  error  There should be at least one empty line between import groups                    import/order
  16:1  error  `./AuthNavigator` import should occur after import of `../screens/SearchScreen`  import/order

/home/damir/Desktop/Vohada_Ish/VohadaIsh/src/screens/EditProfileScreen.tsx
   18:3   error  'TouchableOpacity' is defined but never used                                                      @typescript-eslint/no-unused-vars
   24:1   error  `../constants/colors` import should occur before import of `../context/AuthContext`               import/order
   25:1   error  There should be no empty line within import group                                                 import/order
   27:1   error  `../components/AnimatedComponents` import should occur before import of `../context/AuthContext`  import/order
   32:27  error  'setUploadingAvatar' is assigned a value but never used                                           @typescript-eslint/no-unused-vars
  154:42  error  `'` can be escaped with `&apos;`, `&lsquo;`, `&#39;`, `&rsquo;`                                   react/no-unescaped-entities
  175:52  error  `'` can be escaped with `&apos;`, `&lsquo;`, `&#39;`, `&rsquo;`                                   react/no-unescaped-entities
  175:65  error  `'` can be escaped with `&apos;`, `&lsquo;`, `&#39;`, `&rsquo;`                                   react/no-unescaped-entities

/home/damir/Desktop/Vohada_Ish/VohadaIsh/src/screens/HomeScreen.tsx
   16:1   error  `@react-navigation/native` import should occur before import of `react`                                import/order
   17:1   error  `@expo/vector-icons` import should occur before import of `react`                                      import/order
   24:1   error  `../components/LottieEmptyState` import should occur before import of `../components/SkeletonLoader`   import/order
   25:1   error  `../components/PopularCompanies` import should occur before import of `../components/SkeletonLoader`   import/order
   26:1   error  `../components/PromoBanner` import should occur before import of `../components/SkeletonLoader`        import/order
   27:1   error  `../components/QuickFilters` import should occur before import of `../components/SkeletonLoader`       import/order
   28:1   error  `../components/RecommendedJobs` import should occur before import of `../components/SkeletonLoader`    import/order
   30:1   error  `../components/AnimatedComponents` import should occur before import of `../components/CategoryModal`  import/order
   38:1   error  `../constants/colors` import should occur before import of `../context/AuthContext`                    import/order
  115:24  error  Unexpected any. Specify a different type                                                               @typescript-eslint/no-explicit-any
  176:65  error  `'` can be escaped with `&apos;`, `&lsquo;`, `&#39;`, `&rsquo;`                                        react/no-unescaped-entities
  189:58  error  `'` can be escaped with `&apos;`, `&lsquo;`, `&#39;`, `&rsquo;`                                        react/no-unescaped-entities

/home/damir/Desktop/Vohada_Ish/VohadaIsh/src/screens/JobDetailsScreen.tsx
    8:1   error  `expo-linear-gradient` import should occur before import of `react`                   import/order
    9:1   error  `@expo/vector-icons` import should occur before import of `@react-navigation/native`  import/order
   84:45  error  `'` can be escaped with `&apos;`, `&lsquo;`, `&#39;`, `&rsquo;`                       react/no-unescaped-entities
  283:50  error  `'` can be escaped with `&apos;`, `&lsquo;`, `&#39;`, `&rsquo;`                       react/no-unescaped-entities
  303:23  error  `'` can be escaped with `&apos;`, `&lsquo;`, `&#39;`, `&rsquo;`                       react/no-unescaped-entities
  303:26  error  `'` can be escaped with `&apos;`, `&lsquo;`, `&#39;`, `&rsquo;`                       react/no-unescaped-entities

/home/damir/Desktop/Vohada_Ish/VohadaIsh/src/screens/MessagesScreen.tsx
  14:1  error  `@react-navigation/native` import should occur before import of `react`                      import/order
  17:1  error  `../components/ConversationItem` import should occur before import of `../constants/colors`  import/order
  18:1  error  `../components/LottieEmptyState` import should occur before import of `../constants/colors`  import/order

/home/damir/Desktop/Vohada_Ish/VohadaIsh/src/screens/ProfileScreen.tsx
    6:1   error  `@expo/vector-icons` import should occur before import of `@react-navigation/native`              import/order
   14:1   error  `../constants/colors` import should occur before import of `../context/AuthContext`               import/order
   15:1   error  There should be no empty line within import group                                                 import/order
   17:1   error  `../components/AnimatedComponents` import should occur before import of `../context/AuthContext`  import/order
   22:36  error  Unexpected any. Specify a different type                                                          @typescript-eslint/no-explicit-any
   52:58  error  `'` can be escaped with `&apos;`, `&lsquo;`, `&#39;`, `&rsquo;`                                   react/no-unescaped-entities
  131:47  error  `'` can be escaped with `&apos;`, `&lsquo;`, `&#39;`, `&rsquo;`                                   react/no-unescaped-entities
  166:47  error  `'` can be escaped with `&apos;`, `&lsquo;`, `&#39;`, `&rsquo;`                                   react/no-unescaped-entities
  172:50  error  `'` can be escaped with `&apos;`, `&lsquo;`, `&#39;`, `&rsquo;`                                   react/no-unescaped-entities
  200:50  error  `'` can be escaped with `&apos;`, `&lsquo;`, `&#39;`, `&rsquo;`                                   react/no-unescaped-entities
  200:60  error  `'` can be escaped with `&apos;`, `&lsquo;`, `&#39;`, `&rsquo;`                                   react/no-unescaped-entities
  229:59  error  `'` can be escaped with `&apos;`, `&lsquo;`, `&#39;`, `&rsquo;`                                   react/no-unescaped-entities
  284:53  error  `'` can be escaped with `&apos;`, `&lsquo;`, `&#39;`, `&rsquo;`                                   react/no-unescaped-entities

/home/damir/Desktop/Vohada_Ish/VohadaIsh/src/screens/SearchScreen.tsx
   5:10  error  'MaterialCommunityIcons' is defined but never used                                               @typescript-eslint/no-unused-vars
  14:10  error  'JobCardSkeleton' is defined but never used                                                      @typescript-eslint/no-unused-vars
  14:27  error  'CategoryChipsSkeleton' is defined but never used                                                @typescript-eslint/no-unused-vars
  15:1   error  `../components/LottieEmptyState` import should occur before import of `../components/SearchBar`  import/order
  16:10  error  'categories' is defined but never used                                                           @typescript-eslint/no-unused-vars

/home/damir/Desktop/Vohada_Ish/VohadaIsh/src/services/__tests__/firebaseAuthService.test.ts
   13:1   warning  Import in body of module; reorder to top                                     import/first
   21:1   warning  Import in body of module; reorder to top                                     import/first
   21:10  error    'doc' is defined but never used                                              @typescript-eslint/no-unused-vars
   23:1   warning  Import in body of module; reorder to top                                     import/first
   31:1   warning  Import in body of module; reorder to top                                     import/first
   31:1   error    `../firebase` import should occur before import of `../firebaseAuthService`  import/order
  121:17  error    Unexpected any. Specify a different type                                     @typescript-eslint/no-explicit-any
  131:17  error    Unexpected any. Specify a different type                                     @typescript-eslint/no-explicit-any
  175:17  error    Unexpected any. Specify a different type                                     @typescript-eslint/no-explicit-any
  197:17  error    Unexpected any. Specify a different type                                     @typescript-eslint/no-explicit-any
  207:17  error    Unexpected any. Specify a different type                                     @typescript-eslint/no-explicit-any

/home/damir/Desktop/Vohada_Ish/VohadaIsh/src/services/__tests__/firebaseJobService.test.ts
   12:1   warning  Import in body of module; reorder to top                                    import/first
   25:1   warning  Import in body of module; reorder to top                                    import/first
   33:1   warning  Import in body of module; reorder to top                                    import/first
   33:1   error    `../firebase` import should occur before import of `../firebaseJobService`  import/order
   34:1   warning  Import in body of module; reorder to top                                    import/first
   34:1   error    `../../types` import should occur before import of `../firebaseJobService`  import/order
   76:36  error    Unexpected any. Specify a different type                                    @typescript-eslint/no-explicit-any
  180:29  error    Unexpected any. Specify a different type                                    @typescript-eslint/no-explicit-any
  259:29  error    Unexpected any. Specify a different type                                    @typescript-eslint/no-explicit-any
  279:17  error    Unexpected any. Specify a different type                                    @typescript-eslint/no-explicit-any
  289:17  error    Unexpected any. Specify a different type                                    @typescript-eslint/no-explicit-any
  318:29  error    Unexpected any. Specify a different type                                    @typescript-eslint/no-explicit-any
  343:17  error    Unexpected any. Specify a different type                                    @typescript-eslint/no-explicit-any

/home/damir/Desktop/Vohada_Ish/VohadaIsh/src/services/firebaseJobService.ts
  161:19  error  Unexpected any. Specify a different type  @typescript-eslint/no-explicit-any
  220:19  error  Unexpected any. Specify a different type  @typescript-eslint/no-explicit-any

/home/damir/Desktop/Vohada_Ish/VohadaIsh/src/services/mockData.ts
  290:17  warning  Array type using 'Array<T>' is forbidden. Use 'T[]' instead  @typescript-eslint/array-type

/home/damir/Desktop/Vohada_Ish/VohadaIsh/src/test-utils/mockProviders.tsx
   20:11  error  Unexpected any. Specify a different type  @typescript-eslint/no-explicit-any
   55:11  error  Unexpected any. Specify a different type  @typescript-eslint/no-explicit-any
  105:11  error  Unexpected any. Specify a different type  @typescript-eslint/no-explicit-any
  153:11  error  Unexpected any. Specify a different type  @typescript-eslint/no-explicit-any

/home/damir/Desktop/Vohada_Ish/VohadaIsh/src/test-utils/testUtils.tsx
    6:1   error  `@testing-library/react-native` import should occur before import of `react`                import/order
    8:1   error  `react-native-paper` import should occur before import of `react-native-safe-area-context`  import/order
   12:1   error  `../context/AuthContext` import should occur before import of `../context/ThemeContext`     import/order
   13:1   error  `../context/JobContext` import should occur before import of `../context/ThemeContext`      import/order
   26:11  error  Unexpected any. Specify a different type                                                    @typescript-eslint/no-explicit-any
   30:11  error  Unexpected any. Specify a different type                                                    @typescript-eslint/no-explicit-any
  183:36  error  Unexpected any. Specify a different type                                                    @typescript-eslint/no-explicit-any
  186:35  error  Unexpected any. Specify a different type                                                    @typescript-eslint/no-explicit-any
  189:35  error  Unexpected any. Specify a different type                                                    @typescript-eslint/no-explicit-any
  192:27  error  Unexpected any. Specify a different type                                                    @typescript-eslint/no-explicit-any

/home/damir/Desktop/Vohada_Ish/VohadaIsh/src/utils/__tests__/responsive.test.ts
  8:1  error  There should be at least one empty line between import groups  import/order

/home/damir/Desktop/Vohada_Ish/VohadaIsh/src/utils/__tests__/screenTransitions.test.ts
   34:39  error  Unexpected any. Specify a different type  @typescript-eslint/no-explicit-any
   47:43  error  Unexpected any. Specify a different type  @typescript-eslint/no-explicit-any
   85:46  error  Unexpected any. Specify a different type  @typescript-eslint/no-explicit-any
   94:46  error  Unexpected any. Specify a different type  @typescript-eslint/no-explicit-any
  104:45  error  Unexpected any. Specify a different type  @typescript-eslint/no-explicit-any
  114:47  error  Unexpected any. Specify a different type  @typescript-eslint/no-explicit-any
  122:47  error  Unexpected any. Specify a different type  @typescript-eslint/no-explicit-any
  131:44  error  Unexpected any. Specify a different type  @typescript-eslint/no-explicit-any
  141:46  error  Unexpected any. Specify a different type  @typescript-eslint/no-explicit-any
  151:47  error  Unexpected any. Specify a different type  @typescript-eslint/no-explicit-any
  162:46  error  Unexpected any. Specify a different type  @typescript-eslint/no-explicit-any
  172:46  error  Unexpected any. Specify a different type  @typescript-eslint/no-explicit-any
  182:46  error  Unexpected any. Specify a different type  @typescript-eslint/no-explicit-any
  190:46  error  Unexpected any. Specify a different type  @typescript-eslint/no-explicit-any
  197:46  error  Unexpected any. Specify a different type  @typescript-eslint/no-explicit-any
  206:46  error  Unexpected any. Specify a different type  @typescript-eslint/no-explicit-any
  255:46  error  Unexpected any. Specify a different type  @typescript-eslint/no-explicit-any
  262:46  error  Unexpected any. Specify a different type  @typescript-eslint/no-explicit-any

/home/damir/Desktop/Vohada_Ish/VohadaIsh/src/utils/__tests__/soundEffects.test.ts
  8:1  error  There should be at least one empty line between import groups  import/order

/home/damir/Desktop/Vohada_Ish/VohadaIsh/src/utils/firebaseHelpers.ts
  29:15  error  Unexpected any. Specify a different type  @typescript-eslint/no-explicit-any
  30:15  error  Unexpected any. Specify a different type  @typescript-eslint/no-explicit-any

/home/damir/Desktop/Vohada_Ish/VohadaIsh/src/utils/screenTransitions.ts
    5:1  error  `react-native` import should occur after import of `@react-navigation/stack`  import/order
   10:3  error  'TransitionSpecs' is defined but never used                                   @typescript-eslint/no-unused-vars
   11:3  error  'CardStyleInterpolators' is defined but never used                            @typescript-eslint/no-unused-vars
  198:3  error  'layouts' is defined but never used. Allowed unused args must match /^_/u     @typescript-eslint/no-unused-vars

/home/damir/Desktop/Vohada_Ish/VohadaIsh/src/utils/soundEffects.ts
  66:36  error  'volume' is assigned a value but never used  @typescript-eslint/no-unused-vars

✖ 191 problems (178 errors, 13 warnings)
  70 errors and 10 warnings potentially fixable with the `--fix` option.

 ELIFECYCLE  Command failed with exit code 1.
